<?xml version="1.0" encoding="UTF-8"?>
<testng-results ignored="0" total="2" passed="2" failed="0" skipped="0">
  <reporter-output>
  </reporter-output>
  <suite started-at="2025-12-04T12:48:37 IST" name="suite1" finished-at="2025-12-04T12:48:58 IST" duration-ms="20318">
    <groups>
    </groups>
    <test started-at="2025-12-04T12:48:37 IST" name="test" finished-at="2025-12-04T12:48:58 IST" duration-ms="20318">
      <class name="testCases.TC002_InvalidEmailCheck">
        <test-method is-config="true" signature="setup()[pri:0, instance:testCases.TC002_InvalidEmailCheck@15d49048]" started-at="2025-12-04T12:48:49 IST" name="setup" finished-at="2025-12-04T12:48:56 IST" duration-ms="6781" status="PASS">
          <reporter-output>
          </reporter-output>
        </test-method> <!-- setup -->
        <test-method signature="verify_InvalidEmail()[pri:0, instance:testCases.TC002_InvalidEmailCheck@15d49048]" started-at="2025-12-04T12:48:56 IST" name="verify_InvalidEmail" finished-at="2025-12-04T12:48:57 IST" duration-ms="1009" status="PASS">
          <reporter-output>
          </reporter-output>
        </test-method> <!-- verify_InvalidEmail -->
        <test-method is-config="true" signature="tearDown()[pri:0, instance:testCases.TC002_InvalidEmailCheck@15d49048]" started-at="2025-12-04T12:48:57 IST" name="tearDown" finished-at="2025-12-04T12:48:58 IST" duration-ms="496" status="PASS">
          <reporter-output>
          </reporter-output>
        </test-method> <!-- tearDown -->
      </class> <!-- testCases.TC002_InvalidEmailCheck -->
      <class name="testCases.TC001_CreateAcc">
        <test-method is-config="true" signature="setup()[pri:0, instance:testCases.TC001_CreateAcc@21be3395]" started-at="2025-12-04T12:48:38 IST" name="setup" finished-at="2025-12-04T12:48:44 IST" duration-ms="5552" status="PASS">
          <reporter-output>
          </reporter-output>
        </test-method> <!-- setup -->
        <test-method signature="verify_acc_registration()[pri:0, instance:testCases.TC001_CreateAcc@21be3395]" started-at="2025-12-04T12:48:44 IST" name="verify_acc_registration" finished-at="2025-12-04T12:48:49 IST" duration-ms="5225" status="PASS">
          <reporter-output>
          </reporter-output>
        </test-method> <!-- verify_acc_registration -->
        <test-method is-config="true" signature="tearDown()[pri:0, instance:testCases.TC001_CreateAcc@21be3395]" started-at="2025-12-04T12:48:49 IST" name="tearDown" finished-at="2025-12-04T12:48:49 IST" duration-ms="512" status="PASS">
          <reporter-output>
          </reporter-output>
        </test-method> <!-- tearDown -->
      </class> <!-- testCases.TC001_CreateAcc -->
    </test> <!-- test -->
  </suite> <!-- suite1 -->
</testng-results>
