<?xml version="1.0" encoding="UTF-8"?>
<testng-results ignored="0" total="1" passed="1" failed="0" skipped="0">
  <reporter-output>
  </reporter-output>
  <suite started-at="2025-12-04T13:29:54 IST" name="Default suite" finished-at="2025-12-04T13:30:02 IST" duration-ms="7884">
    <groups>
    </groups>
    <test started-at="2025-12-04T13:29:54 IST" name="Default test" finished-at="2025-12-04T13:30:02 IST" duration-ms="7884">
      <class name="testCases.TC003_AlreadyRegEmail">
        <test-method is-config="true" signature="setup()[pri:0, instance:testCases.TC003_AlreadyRegEmail@4f4c4b1a]" started-at="2025-12-04T13:29:54 IST" name="setup" finished-at="2025-12-04T13:30:00 IST" duration-ms="5313" status="PASS">
          <reporter-output>
          </reporter-output>
        </test-method> <!-- setup -->
        <test-method signature="verify_SignupUsingAlreadyRegistered_Email()[pri:0, instance:testCases.TC003_AlreadyRegEmail@4f4c4b1a]" started-at="2025-12-04T13:30:00 IST" name="verify_SignupUsingAlreadyRegistered_Email" finished-at="2025-12-04T13:30:02 IST" duration-ms="1892" status="PASS">
          <reporter-output>
          </reporter-output>
        </test-method> <!-- verify_SignupUsingAlreadyRegistered_Email -->
        <test-method is-config="true" signature="tearDown()[pri:0, instance:testCases.TC003_AlreadyRegEmail@4f4c4b1a]" started-at="2025-12-04T13:30:02 IST" name="tearDown" finished-at="2025-12-04T13:30:02 IST" duration-ms="569" status="PASS">
          <reporter-output>
          </reporter-output>
        </test-method> <!-- tearDown -->
      </class> <!-- testCases.TC003_AlreadyRegEmail -->
    </test> <!-- Default test -->
  </suite> <!-- Default suite -->
</testng-results>
